-------------------------------------------------------------------------------
Test set: com.digiwin.workorder.dwworkorder.service.impl.WorkOrderServiceTypeServiceTest
-------------------------------------------------------------------------------
Tests run: 5, Failures: 0, Errors: 1, Skipped: 0, Time elapsed: 1.928 s <<< FAILURE! - in com.digiwin.workorder.dwworkorder.service.impl.WorkOrderServiceTypeServiceTest
getDetailList  Time elapsed: 1.098 s  <<< ERROR!
java.lang.NullPointerException
	at com.digiwin.workorder.dwworkorder.service.impl.WorkOrderServiceTypeServiceTest.getDetailList(WorkOrderServiceTypeServiceTest.java:396)

