<?xml version="1.0" encoding="UTF-8"?>
<testsuite xmlns:xsi="http://www.w3.org/2001/XMLSchema-instance" xsi:noNamespaceSchemaLocation="https://maven.apache.org/surefire/maven-surefire-plugin/xsd/surefire-test-report-3.0.xsd" version="3.0" name="com.digiwin.workorder.dwworkorder.service.impl.WorkOrderServiceTest" time="2.42" tests="13" errors="0" skipped="0" failures="0">
  <properties>
[...]
</properties>
  <testcase name="postMessageByUser" classname="com.digiwin.workorder.dwworkorder.service.impl.WorkOrderServiceTest" time="0.421"/>
  <testcase name="delete" classname="com.digiwin.workorder.dwworkorder.service.impl.WorkOrderServiceTest" time="0.081"/>
  <testcase name="postMessageByAssignee" classname="com.digiwin.workorder.dwworkorder.service.impl.WorkOrderServiceTest" time="0.083"/>
  <testcase name="putAccept" classname="com.digiwin.workorder.dwworkorder.service.impl.WorkOrderServiceTest" time="0.143"/>
  <testcase name="putCancel" classname="com.digiwin.workorder.dwworkorder.service.impl.WorkOrderServiceTest" time="0.083"/>
  <testcase name="putSolved" classname="com.digiwin.workorder.dwworkorder.service.impl.WorkOrderServiceTest" time="0.12"/>
  <testcase name="getList" classname="com.digiwin.workorder.dwworkorder.service.impl.WorkOrderServiceTest" time="0.134"/>
  <testcase name="get" classname="com.digiwin.workorder.dwworkorder.service.impl.WorkOrderServiceTest" time="0.218"/>
  <testcase name="post" classname="com.digiwin.workorder.dwworkorder.service.impl.WorkOrderServiceTest" time="0.166"/>
  <testcase name="getRemark" classname="com.digiwin.workorder.dwworkorder.service.impl.WorkOrderServiceTest" time="0.065"/>
  <testcase name="putTransfer" classname="com.digiwin.workorder.dwworkorder.service.impl.WorkOrderServiceTest" time="0.125"/>
  <testcase name="postRemark" classname="com.digiwin.workorder.dwworkorder.service.impl.WorkOrderServiceTest" time="0.068"/>
  <testcase name="putClose" classname="com.digiwin.workorder.dwworkorder.service.impl.WorkOrderServiceTest" time="0.071"/>
</testsuite>